# JRE version: OpenJDK Runtime Environment Temurin-17.0.6+10 (17.0.6+10) (build 17.0.6+10)
# Java VM: OpenJDK 64-Bit Server VM Temurin-17.0.6+10 (17.0.6+10, mixed mode, tiered, compressed oops, compressed class ptrs, parallel gc, windows-amd64)
GC Precious Log:
 CPUs: 2 total, 2 available
 Memory: 3197M
 Large Page Support: Disabled
 NUMA Support: Disabled
 Compressed Oops: Enabled (32-bit)
 Alignments: Space 512K, Generation 512K, Heap 2M
 Heap Min Capacity: 100M
 Heap Initial Capacity: 100M
 Heap Max Capacity: 1G
 Pre-touch: Disabled
 Parallel Workers: 2
Heap:
 PSYoungGen      total 22016K, used 16366K [0x00000000eab00000, 0x00000000ec280000, 0x0000000100000000)
  eden space 20992K, 75% used [0x00000000eab00000,0x00000000eba67ea8,0x00000000ebf80000)
  from space 1024K, 57% used [0x00000000ec080000,0x00000000ec113b08,0x00000000ec180000)
  to   space 1024K, 0% used [0x00000000ec180000,0x00000000ec180000,0x00000000ec280000)
 ParOldGen       total 68608K, used 24451K [0x00000000c0000000, 0x00000000c4300000, 0x00000000eab00000)
  object space 68608K, 35% used [0x00000000c0000000,0x00000000c17e0e38,0x00000000c4300000)
 Metaspace       used 41777K, committed 42496K, reserved 1089536K
  class space    used 4241K, committed 4544K, reserved 1048576K
GC Heap History (20 events):
Event: 70.747 GC heap before
{Heap before GC invocations=10 (full 1):
 PSYoungGen      total 26112K, used 26100K [0x00000000eab00000, 0x00000000eca00000, 0x0000000100000000)
  eden space 23552K, 100% used [0x00000000eab00000,0x00000000ec200000,0x00000000ec200000)
  from space 2560K, 99% used [0x00000000ec600000,0x00000000ec87d008,0x00000000ec880000)
  to   space 4096K, 0% used [0x00000000ec200000,0x00000000ec200000,0x00000000ec600000)
 ParOldGen       total 68608K, used 8712K [0x00000000c0000000, 0x00000000c4300000, 0x00000000eab00000)
  object space 68608K, 12% used [0x00000000c0000000,0x00000000c08820a0,0x00000000c4300000)
 Metaspace       used 35136K, committed 35840K, reserved 1081344K
  class space    used 3550K, committed 3904K, reserved 1048576K
}
Event: 70.766 GC heap after
{Heap after GC invocations=10 (full 1):
 PSYoungGen      total 27136K, used 3894K [0x00000000eab00000, 0x00000000ec980000, 0x0000000100000000)
  eden space 23040K, 0% used [0x00000000eab00000,0x00000000eab00000,0x00000000ec180000)
  from space 4096K, 95% used [0x00000000ec200000,0x00000000ec5cdaa0,0x00000000ec600000)
  to   space 3584K, 0% used [0x00000000ec600000,0x00000000ec600000,0x00000000ec980000)
 ParOldGen       total 68608K, used 9655K [0x00000000c0000000, 0x00000000c4300000, 0x00000000eab00000)
  object space 68608K, 14% used [0x00000000c0000000,0x00000000c096de60,0x00000000c4300000)
 Metaspace       used 35136K, committed 35840K, reserved 1081344K
  class space    used 3550K, committed 3904K, reserved 1048576K
}
Event: 71.728 GC heap before
{Heap before GC invocations=11 (full 1):
 PSYoungGen      total 27136K, used 10208K [0x00000000eab00000, 0x00000000ec980000, 0x0000000100000000)
  eden space 23040K, 27% used [0x00000000eab00000,0x00000000eb12a658,0x00000000ec180000)
  from space 4096K, 95% used [0x00000000ec200000,0x00000000ec5cdaa0,0x00000000ec600000)
  to   space 3584K, 0% used [0x00000000ec600000,0x00000000ec600000,0x00000000ec980000)
 ParOldGen       total 68608K, used 9655K [0x00000000c0000000, 0x00000000c4300000, 0x00000000eab00000)
  object space 68608K, 14% used [0x00000000c0000000,0x00000000c096de60,0x00000000c4300000)
 Metaspace       used 35146K, committed 35840K, reserved 1081344K
  class space    used 3550K, committed 3904K, reserved 1048576K
}
Event: 71.742 GC heap after
{Heap after GC invocations=11 (full 1):
 PSYoungGen      total 26112K, used 2880K [0x00000000eab00000, 0x00000000ec900000, 0x0000000100000000)
  eden space 23040K, 0% used [0x00000000eab00000,0x00000000eab00000,0x00000000ec180000)
  from space 3072K, 93% used [0x00000000ec600000,0x00000000ec8d0010,0x00000000ec900000)
  to   space 3584K, 0% used [0x00000000ec200000,0x00000000ec200000,0x00000000ec580000)
 ParOldGen       total 68608K, used 11229K [0x00000000c0000000, 0x00000000c4300000, 0x00000000eab00000)
  object space 68608K, 16% used [0x00000000c0000000,0x00000000c0af74b0,0x00000000c4300000)
 Metaspace       used 35146K, committed 35840K, reserved 1081344K
  class space    used 3550K, committed 3904K, reserved 1048576K
}
Event: 71.742 GC heap before
{Heap before GC invocations=12 (full 2):
 PSYoungGen      total 26112K, used 2880K [0x00000000eab00000, 0x00000000ec900000, 0x0000000100000000)
  eden space 23040K, 0% used [0x00000000eab00000,0x00000000eab00000,0x00000000ec180000)
  from space 3072K, 93% used [0x00000000ec600000,0x00000000ec8d0010,0x00000000ec900000)
  to   space 3584K, 0% used [0x00000000ec200000,0x00000000ec200000,0x00000000ec580000)
 ParOldGen       total 68608K, used 11229K [0x00000000c0000000, 0x00000000c4300000, 0x00000000eab00000)
  object space 68608K, 16% used [0x00000000c0000000,0x00000000c0af74b0,0x00000000c4300000)
 Metaspace       used 35146K, committed 35840K, reserved 1081344K
  class space    used 3550K, committed 3904K, reserved 1048576K
}
Event: 71.842 GC heap after
{Heap after GC invocations=12 (full 2):
 PSYoungGen      total 26112K, used 0K [0x00000000eab00000, 0x00000000ec900000, 0x0000000100000000)
  eden space 23040K, 0% used [0x00000000eab00000,0x00000000eab00000,0x00000000ec180000)
  from space 3072K, 0% used [0x00000000ec600000,0x00000000ec600000,0x00000000ec900000)
  to   space 3584K, 0% used [0x00000000ec200000,0x00000000ec200000,0x00000000ec580000)
 ParOldGen       total 68608K, used 13835K [0x00000000c0000000, 0x00000000c4300000, 0x00000000eab00000)
  object space 68608K, 20% used [0x00000000c0000000,0x00000000c0d82f78,0x00000000c4300000)
 Metaspace       used 35146K, committed 35840K, reserved 1081344K
  class space    used 3550K, committed 3904K, reserved 1048576K
}
Event: 73.195 GC heap before
{Heap before GC invocations=13 (full 2):
 PSYoungGen      total 26112K, used 23040K [0x00000000eab00000, 0x00000000ec900000, 0x0000000100000000)
  eden space 23040K, 100% used [0x00000000eab00000,0x00000000ec180000,0x00000000ec180000)
  from space 3072K, 0% used [0x00000000ec600000,0x00000000ec600000,0x00000000ec900000)
  to   space 3584K, 0% used [0x00000000ec200000,0x00000000ec200000,0x00000000ec580000)
 ParOldGen       total 68608K, used 13835K [0x00000000c0000000, 0x00000000c4300000, 0x00000000eab00000)
  object space 68608K, 20% used [0x00000000c0000000,0x00000000c0d82f78,0x00000000c4300000)
 Metaspace       used 35188K, committed 35904K, reserved 1081344K
  class space    used 3563K, committed 3904K, reserved 1048576K
}
Event: 73.206 GC heap after
{Heap after GC invocations=13 (full 2):
 PSYoungGen      total 25600K, used 2720K [0x00000000eab00000, 0x00000000ec700000, 0x0000000100000000)
  eden space 22528K, 0% used [0x00000000eab00000,0x00000000eab00000,0x00000000ec100000)
  from space 3072K, 88% used [0x00000000ec200000,0x00000000ec4a8020,0x00000000ec500000)
  to   space 2048K, 0% used [0x00000000ec500000,0x00000000ec500000,0x00000000ec700000)
 ParOldGen       total 68608K, used 13835K [0x00000000c0000000, 0x00000000c4300000, 0x00000000eab00000)
  object space 68608K, 20% used [0x00000000c0000000,0x00000000c0d82f78,0x00000000c4300000)
 Metaspace       used 35188K, committed 35904K, reserved 1081344K
  class space    used 3563K, committed 3904K, reserved 1048576K
}
Event: 73.816 GC heap before
{Heap before GC invocations=14 (full 2):
 PSYoungGen      total 25600K, used 25248K [0x00000000eab00000, 0x00000000ec700000, 0x0000000100000000)
  eden space 22528K, 100% used [0x00000000eab00000,0x00000000ec100000,0x00000000ec100000)
  from space 3072K, 88% used [0x00000000ec200000,0x00000000ec4a8020,0x00000000ec500000)
  to   space 2048K, 0% used [0x00000000ec500000,0x00000000ec500000,0x00000000ec700000)
 ParOldGen       total 68608K, used 13835K [0x00000000c0000000, 0x00000000c4300000, 0x00000000eab00000)
  object space 68608K, 20% used [0x00000000c0000000,0x00000000c0d82f78,0x00000000c4300000)
 Metaspace       used 35188K, committed 35904K, reserved 1081344K
  class space    used 3563K, committed 3904K, reserved 1048576K
}
Event: 73.835 GC heap after
{Heap after GC invocations=14 (full 2):
 PSYoungGen      total 23040K, used 2048K [0x00000000eab00000, 0x00000000ecb80000, 0x0000000100000000)
  eden space 20992K, 0% used [0x00000000eab00000,0x00000000eab00000,0x00000000ebf80000)
  from space 2048K, 100% used [0x00000000ec500000,0x00000000ec700000,0x00000000ec700000)
  to   space 5632K, 0% used [0x00000000ebf80000,0x00000000ebf80000,0x00000000ec500000)
 ParOldGen       total 68608K, used 16933K [0x00000000c0000000, 0x00000000c4300000, 0x00000000eab00000)
  object space 68608K, 24% used [0x00000000c0000000,0x00000000c1089700,0x00000000c4300000)
 Metaspace       used 35188K, committed 35904K, reserved 1081344K
  class space    used 3563K, committed 3904K, reserved 1048576K
}
Event: 74.230 GC heap before
{Heap before GC invocations=15 (full 2):
 PSYoungGen      total 23040K, used 23040K [0x00000000eab00000, 0x00000000ecb80000, 0x0000000100000000)
  eden space 20992K, 100% used [0x00000000eab00000,0x00000000ebf80000,0x00000000ebf80000)
  from space 2048K, 100% used [0x00000000ec500000,0x00000000ec700000,0x00000000ec700000)
  to   space 5632K, 0% used [0x00000000ebf80000,0x00000000ebf80000,0x00000000ec500000)
 ParOldGen       total 68608K, used 16933K [0x00000000c0000000, 0x00000000c4300000, 0x00000000eab00000)
  object space 68608K, 24% used [0x00000000c0000000,0x00000000c1089700,0x00000000c4300000)
 Metaspace       used 35188K, committed 35904K, reserved 1081344K
  class space    used 3563K, committed 3904K, reserved 1048576K
}
Event: 74.246 GC heap after
{Heap after GC invocations=15 (full 2):
 PSYoungGen      total 23552K, used 2336K [0x00000000eab00000, 0x00000000ec680000, 0x0000000100000000)
  eden space 20992K, 0% used [0x00000000eab00000,0x00000000eab00000,0x00000000ebf80000)
  from space 2560K, 91% used [0x00000000ebf80000,0x00000000ec1c8010,0x00000000ec200000)
  to   space 3584K, 0% used [0x00000000ec300000,0x00000000ec300000,0x00000000ec680000)
 ParOldGen       total 68608K, used 18989K [0x00000000c0000000, 0x00000000c4300000, 0x00000000eab00000)
  object space 68608K, 27% used [0x00000000c0000000,0x00000000c128b700,0x00000000c4300000)
 Metaspace       used 35188K, committed 35904K, reserved 1081344K
  class space    used 3563K, committed 3904K, reserved 1048576K
}
Event: 83.128 GC heap before
{Heap before GC invocations=16 (full 2):
 PSYoungGen      total 23552K, used 23291K [0x00000000eab00000, 0x00000000ec680000, 0x0000000100000000)
  eden space 20992K, 99% used [0x00000000eab00000,0x00000000ebf76d38,0x00000000ebf80000)
  from space 2560K, 91% used [0x00000000ebf80000,0x00000000ec1c8010,0x00000000ec200000)
  to   space 3584K, 0% used [0x00000000ec300000,0x00000000ec300000,0x00000000ec680000)
 ParOldGen       total 68608K, used 18989K [0x00000000c0000000, 0x00000000c4300000, 0x00000000eab00000)
  object space 68608K, 27% used [0x00000000c0000000,0x00000000c128b700,0x00000000c4300000)
 Metaspace       used 36848K, committed 37568K, reserved 1089536K
  class space    used 3741K, committed 4096K, reserved 1048576K
}
Event: 83.144 GC heap after
{Heap after GC invocations=16 (full 2):
 PSYoungGen      total 23552K, used 2072K [0x00000000eab00000, 0x00000000ec580000, 0x0000000100000000)
  eden space 20992K, 0% used [0x00000000eab00000,0x00000000eab00000,0x00000000ebf80000)
  from space 2560K, 80% used [0x00000000ec300000,0x00000000ec506338,0x00000000ec580000)
  to   space 2560K, 0% used [0x00000000ebf80000,0x00000000ebf80000,0x00000000ec200000)
 ParOldGen       total 68608K, used 21299K [0x00000000c0000000, 0x00000000c4300000, 0x00000000eab00000)
  object space 68608K, 31% used [0x00000000c0000000,0x00000000c14ccf90,0x00000000c4300000)
 Metaspace       used 36848K, committed 37568K, reserved 1089536K
  class space    used 3741K, committed 4096K, reserved 1048576K
}
Event: 96.200 GC heap before
{Heap before GC invocations=17 (full 2):
 PSYoungGen      total 23552K, used 23064K [0x00000000eab00000, 0x00000000ec580000, 0x0000000100000000)
  eden space 20992K, 100% used [0x00000000eab00000,0x00000000ebf80000,0x00000000ebf80000)
  from space 2560K, 80% used [0x00000000ec300000,0x00000000ec506338,0x00000000ec580000)
  to   space 2560K, 0% used [0x00000000ebf80000,0x00000000ebf80000,0x00000000ec200000)
 ParOldGen       total 68608K, used 21299K [0x00000000c0000000, 0x00000000c4300000, 0x00000000eab00000)
  object space 68608K, 31% used [0x00000000c0000000,0x00000000c14ccf90,0x00000000c4300000)
 Metaspace       used 38426K, committed 39168K, reserved 1089536K
  class space    used 3928K, committed 4288K, reserved 1048576K
}
Event: 96.212 GC heap after
{Heap after GC invocations=17 (full 2):
 PSYoungGen      total 23552K, used 726K [0x00000000eab00000, 0x00000000ec380000, 0x0000000100000000)
  eden space 20992K, 0% used [0x00000000eab00000,0x00000000eab00000,0x00000000ebf80000)
  from space 2560K, 28% used [0x00000000ebf80000,0x00000000ec035a30,0x00000000ec200000)
  to   space 1536K, 0% used [0x00000000ec200000,0x00000000ec200000,0x00000000ec380000)
 ParOldGen       total 68608K, used 23321K [0x00000000c0000000, 0x00000000c4300000, 0x00000000eab00000)
  object space 68608K, 33% used [0x00000000c0000000,0x00000000c16c67b0,0x00000000c4300000)
 Metaspace       used 38426K, committed 39168K, reserved 1089536K
  class space    used 3928K, committed 4288K, reserved 1048576K
}
Event: 104.063 GC heap before
{Heap before GC invocations=18 (full 2):
 PSYoungGen      total 23552K, used 21718K [0x00000000eab00000, 0x00000000ec380000, 0x0000000100000000)
  eden space 20992K, 100% used [0x00000000eab00000,0x00000000ebf80000,0x00000000ebf80000)
  from space 2560K, 28% used [0x00000000ebf80000,0x00000000ec035a30,0x00000000ec200000)
  to   space 1536K, 0% used [0x00000000ec200000,0x00000000ec200000,0x00000000ec380000)
 ParOldGen       total 68608K, used 23321K [0x00000000c0000000, 0x00000000c4300000, 0x00000000eab00000)
  object space 68608K, 33% used [0x00000000c0000000,0x00000000c16c67b0,0x00000000c4300000)
 Metaspace       used 39322K, committed 40064K, reserved 1089536K
  class space    used 4012K, committed 4352K, reserved 1048576K
}
Event: 104.071 GC heap after
{Heap after GC invocations=18 (full 2):
 PSYoungGen      total 22528K, used 1370K [0x00000000eab00000, 0x00000000ec380000, 0x0000000100000000)
  eden space 20992K, 0% used [0x00000000eab00000,0x00000000eab00000,0x00000000ebf80000)
  from space 1536K, 89% used [0x00000000ec200000,0x00000000ec3568b0,0x00000000ec380000)
  to   space 1536K, 0% used [0x00000000ec080000,0x00000000ec080000,0x00000000ec200000)
 ParOldGen       total 68608K, used 23947K [0x00000000c0000000, 0x00000000c4300000, 0x00000000eab00000)
  object space 68608K, 34% used [0x00000000c0000000,0x00000000c1762cb8,0x00000000c4300000)
 Metaspace       used 39322K, committed 40064K, reserved 1089536K
  class space    used 4012K, committed 4352K, reserved 1048576K
}
Event: 106.978 GC heap before
{Heap before GC invocations=19 (full 2):
 PSYoungGen      total 22528K, used 22362K [0x00000000eab00000, 0x00000000ec380000, 0x0000000100000000)
  eden space 20992K, 100% used [0x00000000eab00000,0x00000000ebf80000,0x00000000ebf80000)
  from space 1536K, 89% used [0x00000000ec200000,0x00000000ec3568b0,0x00000000ec380000)
  to   space 1536K, 0% used [0x00000000ec080000,0x00000000ec080000,0x00000000ec200000)
 ParOldGen       total 68608K, used 23947K [0x00000000c0000000, 0x00000000c4300000, 0x00000000eab00000)
  object space 68608K, 34% used [0x00000000c0000000,0x00000000c1762cb8,0x00000000c4300000)
 Metaspace       used 39338K, committed 40064K, reserved 1089536K
  class space    used 4012K, committed 4352K, reserved 1048576K
}
Event: 106.981 GC heap after
{Heap after GC invocations=19 (full 2):
 PSYoungGen      total 22016K, used 590K [0x00000000eab00000, 0x00000000ec280000, 0x0000000100000000)
  eden space 20992K, 0% used [0x00000000eab00000,0x00000000eab00000,0x00000000ebf80000)
  from space 1024K, 57% used [0x00000000ec080000,0x00000000ec113b08,0x00000000ec180000)
  to   space 1024K, 0% used [0x00000000ec180000,0x00000000ec180000,0x00000000ec280000)
 ParOldGen       total 68608K, used 24451K [0x00000000c0000000, 0x00000000c4300000, 0x00000000eab00000)
  object space 68608K, 35% used [0x00000000c0000000,0x00000000c17e0e38,0x00000000c4300000)
 Metaspace       used 39338K, committed 40064K, reserved 1089536K
  class space    used 4012K, committed 4352K, reserved 1048576K
}

